[{"line":1,"elements":[{"start_timestamp":"2023-06-08T09:55:17.554Z","before":[{"result":{"duration":3638235100,"status":"passed"},"match":{"location":"com.step_definitions.Hooks.setUp()"}}],"line":3,"name":"Login user valid","description":"","id":"login-page;login-user-valid","after":[{"result":{"duration":534696800,"status":"passed"},"match":{"location":"com.step_definitions.Hooks.closeObject()"}}],"type":"scenario","keyword":"Scenario","steps":[{"result":{"duration":4302129900,"status":"passed"},"line":4,"name":"Enter login page","match":{"location":"com.step_definitions.TestCRUD.enter_login_page()"},"keyword":"When "},{"result":{"duration":4139301700,"status":"passed"},"line":5,"name":"Input username","match":{"location":"com.step_definitions.TestCRUD.input_username()"},"keyword":"And "},{"result":{"duration":2402035200,"status":"passed"},"line":6,"name":"Input password","match":{"location":"com.step_definitions.TestCRUD.input_password()"},"keyword":"And "},{"result":{"duration":4292839000,"status":"passed"},"line":7,"name":"Click button login","match":{"location":"com.step_definitions.TestCRUD.click_button_login()"},"keyword":"And "},{"result":{"error_message":"java.lang.AssertionError: expected:<仪表盘> but was:<Dashboard>\r\n\tat org.testng.AssertJUnit.assertEquals(AssertJUnit.java:115)\r\n\tat org.testng.AssertJUnit.assertEquals(AssertJUnit.java:125)\r\n\tat com.step_definitions.TestCRUD.succesfully_login(TestCRUD.java:56)\r\n\tat ✽.Successfully login(file:///C:/Users/Lenovo%20Mix/IdeaProjects/SeleniumTest/src/main/resources/features/00.LoginPage.feature:8)\r\n","duration":2070086500,"status":"failed"},"line":8,"name":"Successfully login","match":{"location":"com.step_definitions.TestCRUD.succesfully_login()"},"keyword":"Then "}]}],"name":"Login Page","description":"","id":"login-page","keyword":"Feature","uri":"file:src/main/resources/features/00.LoginPage.feature","tags":[]},{"line":1,"elements":[{"start_timestamp":"2023-06-08T09:55:39.006Z","before":[{"result":{"duration":996700,"status":"passed"},"match":{"location":"com.step_definitions.Hooks.setUp()"}}],"line":3,"name":"Add new employee","description":"","id":"user-add-new-data-employee;add-new-employee","after":[{"result":{"duration":142718800,"status":"passed"},"match":{"location":"com.step_definitions.Hooks.closeObject()"}}],"type":"scenario","keyword":"Scenario","steps":[{"result":{"error_message":"org.openqa.selenium.NoSuchElementException: no such element: Unable to locate element: {\"method\":\"link text\",\"selector\":\"PIM\"}\n  (Session info: chrome=114.0.5735.110)\nFor documentation on this error, please visit: https://www.seleniumhq.org/exceptions/no_such_element.html\nBuild info: version: '3.141.59', revision: 'e82be7d358', time: '2018-11-14T08:17:03'\nSystem info: host: 'DARKSKY', ip: '192.168.1.31', os.name: 'Windows 11', os.arch: 'amd64', os.version: '10.0', java.version: '17.0.5'\nDriver info: org.openqa.selenium.chrome.ChromeDriver\nCapabilities {acceptInsecureCerts: false, browserName: chrome, browserVersion: 114.0.5735.110, chrome: {chromedriverVersion: 114.0.5735.90 (386bc09e8f4f..., userDataDir: C:\\Users\\LENOVO~1\\AppData\\L...}, goog:chromeOptions: {debuggerAddress: localhost:49659}, javascriptEnabled: true, networkConnectionEnabled: false, pageLoadStrategy: eager, platform: WINDOWS, platformName: WINDOWS, proxy: Proxy(), setWindowRect: true, strictFileInteractability: false, timeouts: {implicit: 0, pageLoad: 300000, script: 30000}, unhandledPromptBehavior: dismiss and notify, webauthn:extension:credBlob: true, webauthn:extension:largeBlob: true, webauthn:extension:minPinLength: true, webauthn:extension:prf: true, webauthn:virtualAuthenticators: true}\nSession ID: db634d69fb0c81677c0ab75f348eee82\n*** Element info: {Using=link text, value=PIM}\r\n\tat java.base/jdk.internal.reflect.NativeConstructorAccessorImpl.newInstance0(Native Method)\r\n\tat java.base/jdk.internal.reflect.NativeConstructorAccessorImpl.newInstance(NativeConstructorAccessorImpl.java:77)\r\n\tat java.base/jdk.internal.reflect.DelegatingConstructorAccessorImpl.newInstance(DelegatingConstructorAccessorImpl.java:45)\r\n\tat java.base/java.lang.reflect.Constructor.newInstanceWithCaller(Constructor.java:499)\r\n\tat java.base/java.lang.reflect.Constructor.newInstance(Constructor.java:480)\r\n\tat org.openqa.selenium.remote.http.W3CHttpResponseCodec.createException(W3CHttpResponseCodec.java:187)\r\n\tat org.openqa.selenium.remote.http.W3CHttpResponseCodec.decode(W3CHttpResponseCodec.java:122)\r\n\tat org.openqa.selenium.remote.http.W3CHttpResponseCodec.decode(W3CHttpResponseCodec.java:49)\r\n\tat org.openqa.selenium.remote.HttpCommandExecutor.execute(HttpCommandExecutor.java:158)\r\n\tat org.openqa.selenium.remote.service.DriverCommandExecutor.execute(DriverCommandExecutor.java:83)\r\n\tat org.openqa.selenium.remote.RemoteWebDriver.execute(RemoteWebDriver.java:552)\r\n\tat org.openqa.selenium.remote.RemoteWebDriver.findElement(RemoteWebDriver.java:323)\r\n\tat org.openqa.selenium.remote.RemoteWebDriver.findElementByLinkText(RemoteWebDriver.java:380)\r\n\tat org.openqa.selenium.By$ByLinkText.findElement(By.java:220)\r\n\tat org.openqa.selenium.remote.RemoteWebDriver.findElement(RemoteWebDriver.java:315)\r\n\tat com.step_definitions.TestCRUD.clickpim(TestCRUD.java:63)\r\n\tat ✽.Click PIM(file:///C:/Users/Lenovo%20Mix/IdeaProjects/SeleniumTest/src/main/resources/features/01.Create.feature:4)\r\n","duration":10024702200,"status":"failed"},"line":4,"name":"Click PIM","match":{"location":"com.step_definitions.TestCRUD.clickpim()"},"keyword":"When "},{"result":{"status":"skipped"},"line":5,"name":"Click button add","match":{"location":"com.step_definitions.TestCRUD.click_button_add()"},"keyword":"And "},{"result":{"status":"skipped"},"line":6,"name":"Input form data employee","match":{"location":"com.step_definitions.TestCRUD.input_form_employee()"},"keyword":"And "},{"result":{"status":"skipped"},"line":7,"name":"Click submit","match":{"location":"com.step_definitions.TestCRUD.click_submit()"},"keyword":"Then "}]}],"name":"User add new data employee","description":"","id":"user-add-new-data-employee","keyword":"Feature","uri":"file:src/main/resources/features/01.Create.feature","tags":[]},{"line":1,"elements":[{"start_timestamp":"2023-06-08T09:55:49.219Z","before":[{"result":{"duration":997700,"status":"passed"},"match":{"location":"com.step_definitions.Hooks.setUp()"}}],"line":3,"name":"Update data new employee","description":"","id":"user-update-data-employee;update-data-new-employee","after":[{"result":{"duration":81355300,"status":"passed"},"match":{"location":"com.step_definitions.Hooks.closeObject()"}}],"type":"scenario","keyword":"Scenario","steps":[{"result":{"error_message":"org.openqa.selenium.NoSuchElementException: no such element: Unable to locate element: {\"method\":\"link text\",\"selector\":\"PIM\"}\n  (Session info: chrome=114.0.5735.110)\nFor documentation on this error, please visit: https://www.seleniumhq.org/exceptions/no_such_element.html\nBuild info: version: '3.141.59', revision: 'e82be7d358', time: '2018-11-14T08:17:03'\nSystem info: host: 'DARKSKY', ip: '192.168.1.31', os.name: 'Windows 11', os.arch: 'amd64', os.version: '10.0', java.version: '17.0.5'\nDriver info: org.openqa.selenium.chrome.ChromeDriver\nCapabilities {acceptInsecureCerts: false, browserName: chrome, browserVersion: 114.0.5735.110, chrome: {chromedriverVersion: 114.0.5735.90 (386bc09e8f4f..., userDataDir: C:\\Users\\LENOVO~1\\AppData\\L...}, goog:chromeOptions: {debuggerAddress: localhost:49659}, javascriptEnabled: true, networkConnectionEnabled: false, pageLoadStrategy: eager, platform: WINDOWS, platformName: WINDOWS, proxy: Proxy(), setWindowRect: true, strictFileInteractability: false, timeouts: {implicit: 0, pageLoad: 300000, script: 30000}, unhandledPromptBehavior: dismiss and notify, webauthn:extension:credBlob: true, webauthn:extension:largeBlob: true, webauthn:extension:minPinLength: true, webauthn:extension:prf: true, webauthn:virtualAuthenticators: true}\nSession ID: db634d69fb0c81677c0ab75f348eee82\n*** Element info: {Using=link text, value=PIM}\r\n\tat java.base/jdk.internal.reflect.NativeConstructorAccessorImpl.newInstance0(Native Method)\r\n\tat java.base/jdk.internal.reflect.NativeConstructorAccessorImpl.newInstance(NativeConstructorAccessorImpl.java:77)\r\n\tat java.base/jdk.internal.reflect.DelegatingConstructorAccessorImpl.newInstance(DelegatingConstructorAccessorImpl.java:45)\r\n\tat java.base/java.lang.reflect.Constructor.newInstanceWithCaller(Constructor.java:499)\r\n\tat java.base/java.lang.reflect.Constructor.newInstance(Constructor.java:480)\r\n\tat org.openqa.selenium.remote.http.W3CHttpResponseCodec.createException(W3CHttpResponseCodec.java:187)\r\n\tat org.openqa.selenium.remote.http.W3CHttpResponseCodec.decode(W3CHttpResponseCodec.java:122)\r\n\tat org.openqa.selenium.remote.http.W3CHttpResponseCodec.decode(W3CHttpResponseCodec.java:49)\r\n\tat org.openqa.selenium.remote.HttpCommandExecutor.execute(HttpCommandExecutor.java:158)\r\n\tat org.openqa.selenium.remote.service.DriverCommandExecutor.execute(DriverCommandExecutor.java:83)\r\n\tat org.openqa.selenium.remote.RemoteWebDriver.execute(RemoteWebDriver.java:552)\r\n\tat org.openqa.selenium.remote.RemoteWebDriver.findElement(RemoteWebDriver.java:323)\r\n\tat org.openqa.selenium.remote.RemoteWebDriver.findElementByLinkText(RemoteWebDriver.java:380)\r\n\tat org.openqa.selenium.By$ByLinkText.findElement(By.java:220)\r\n\tat org.openqa.selenium.remote.RemoteWebDriver.findElement(RemoteWebDriver.java:315)\r\n\tat com.step_definitions.TestCRUD.clickpim(TestCRUD.java:63)\r\n\tat ✽.Click PIM(file:///C:/Users/Lenovo%20Mix/IdeaProjects/SeleniumTest/src/main/resources/features/02.Update.feature:4)\r\n","duration":10058970700,"status":"failed"},"line":4,"name":"Click PIM","match":{"location":"com.step_definitions.TestCRUD.clickpim()"},"keyword":"When "},{"result":{"duration":1992900,"status":"skipped"},"line":5,"name":"Search name","match":{"location":"com.step_definitions.TestCRUD.search_name()"},"keyword":"And "},{"result":{"duration":993800,"status":"skipped"},"line":6,"name":"Click action edit","match":{"location":"com.step_definitions.TestCRUD.click_action_edit()"},"keyword":"And "},{"result":{"status":"skipped"},"line":7,"name":"Input form employee with new data","match":{"location":"com.step_definitions.TestCRUD.input_new_data()"},"keyword":"And "},{"result":{"status":"skipped"},"line":8,"name":"Click Save","match":{"location":"com.step_definitions.TestCRUD.click_Save()"},"keyword":"Then "}]}],"name":"User update data employee","description":"","id":"user-update-data-employee","keyword":"Feature","uri":"file:src/main/resources/features/02.Update.feature","tags":[]},{"line":1,"elements":[{"start_timestamp":"2023-06-08T09:55:59.401Z","before":[{"result":{"status":"passed"},"match":{"location":"com.step_definitions.Hooks.setUp()"}}],"line":3,"name":"Upload Photo Profil Employee","description":"","id":"upload-photo;upload-photo-profil-employee","after":[{"result":{"duration":96210500,"status":"passed"},"match":{"location":"com.step_definitions.Hooks.closeObject()"}}],"type":"scenario","keyword":"Scenario","steps":[{"result":{"error_message":"org.openqa.selenium.NoSuchElementException: no such element: Unable to locate element: {\"method\":\"link text\",\"selector\":\"PIM\"}\n  (Session info: chrome=114.0.5735.110)\nFor documentation on this error, please visit: https://www.seleniumhq.org/exceptions/no_such_element.html\nBuild info: version: '3.141.59', revision: 'e82be7d358', time: '2018-11-14T08:17:03'\nSystem info: host: 'DARKSKY', ip: '192.168.1.31', os.name: 'Windows 11', os.arch: 'amd64', os.version: '10.0', java.version: '17.0.5'\nDriver info: org.openqa.selenium.chrome.ChromeDriver\nCapabilities {acceptInsecureCerts: false, browserName: chrome, browserVersion: 114.0.5735.110, chrome: {chromedriverVersion: 114.0.5735.90 (386bc09e8f4f..., userDataDir: C:\\Users\\LENOVO~1\\AppData\\L...}, goog:chromeOptions: {debuggerAddress: localhost:49659}, javascriptEnabled: true, networkConnectionEnabled: false, pageLoadStrategy: eager, platform: WINDOWS, platformName: WINDOWS, proxy: Proxy(), setWindowRect: true, strictFileInteractability: false, timeouts: {implicit: 0, pageLoad: 300000, script: 30000}, unhandledPromptBehavior: dismiss and notify, webauthn:extension:credBlob: true, webauthn:extension:largeBlob: true, webauthn:extension:minPinLength: true, webauthn:extension:prf: true, webauthn:virtualAuthenticators: true}\nSession ID: db634d69fb0c81677c0ab75f348eee82\n*** Element info: {Using=link text, value=PIM}\r\n\tat java.base/jdk.internal.reflect.NativeConstructorAccessorImpl.newInstance0(Native Method)\r\n\tat java.base/jdk.internal.reflect.NativeConstructorAccessorImpl.newInstance(NativeConstructorAccessorImpl.java:77)\r\n\tat java.base/jdk.internal.reflect.DelegatingConstructorAccessorImpl.newInstance(DelegatingConstructorAccessorImpl.java:45)\r\n\tat java.base/java.lang.reflect.Constructor.newInstanceWithCaller(Constructor.java:499)\r\n\tat java.base/java.lang.reflect.Constructor.newInstance(Constructor.java:480)\r\n\tat org.openqa.selenium.remote.http.W3CHttpResponseCodec.createException(W3CHttpResponseCodec.java:187)\r\n\tat org.openqa.selenium.remote.http.W3CHttpResponseCodec.decode(W3CHttpResponseCodec.java:122)\r\n\tat org.openqa.selenium.remote.http.W3CHttpResponseCodec.decode(W3CHttpResponseCodec.java:49)\r\n\tat org.openqa.selenium.remote.HttpCommandExecutor.execute(HttpCommandExecutor.java:158)\r\n\tat org.openqa.selenium.remote.service.DriverCommandExecutor.execute(DriverCommandExecutor.java:83)\r\n\tat org.openqa.selenium.remote.RemoteWebDriver.execute(RemoteWebDriver.java:552)\r\n\tat org.openqa.selenium.remote.RemoteWebDriver.findElement(RemoteWebDriver.java:323)\r\n\tat org.openqa.selenium.remote.RemoteWebDriver.findElementByLinkText(RemoteWebDriver.java:380)\r\n\tat org.openqa.selenium.By$ByLinkText.findElement(By.java:220)\r\n\tat org.openqa.selenium.remote.RemoteWebDriver.findElement(RemoteWebDriver.java:315)\r\n\tat com.step_definitions.TestCRUD.clickpim(TestCRUD.java:63)\r\n\tat ✽.Click PIM(file:///C:/Users/Lenovo%20Mix/IdeaProjects/SeleniumTest/src/main/resources/features/03.UploadFile.feature:5)\r\n","duration":10121265200,"status":"failed"},"line":5,"name":"Click PIM","match":{"location":"com.step_definitions.TestCRUD.clickpim()"},"keyword":"When "},{"result":{"duration":996600,"status":"skipped"},"line":6,"name":"Search name","match":{"location":"com.step_definitions.TestCRUD.search_name()"},"keyword":"And "},{"result":{"status":"skipped"},"line":7,"name":"Edit photo employee","match":{"location":"com.step_definitions.TestCRUD.edit_photo_employee()"},"keyword":"And "},{"result":{"status":"skipped"},"line":8,"name":"Click save photo","match":{"location":"com.step_definitions.TestCRUD.click_save_photo()"},"keyword":"Then "}]}],"name":"Upload Photo","description":"","id":"upload-photo","keyword":"Feature","uri":"file:src/main/resources/features/03.UploadFile.feature","tags":[]},{"line":1,"elements":[{"start_timestamp":"2023-06-08T09:56:09.656Z","before":[{"result":{"duration":997000,"status":"passed"},"match":{"location":"com.step_definitions.Hooks.setUp()"}}],"line":3,"name":"Delete data employee","description":"","id":"user-delete-data;delete-data-employee","after":[{"result":{"duration":84537000,"status":"passed"},"match":{"location":"com.step_definitions.Hooks.closeObject()"}}],"type":"scenario","keyword":"Scenario","steps":[{"result":{"error_message":"org.openqa.selenium.NoSuchElementException: no such element: Unable to locate element: {\"method\":\"link text\",\"selector\":\"PIM\"}\n  (Session info: chrome=114.0.5735.110)\nFor documentation on this error, please visit: https://www.seleniumhq.org/exceptions/no_such_element.html\nBuild info: version: '3.141.59', revision: 'e82be7d358', time: '2018-11-14T08:17:03'\nSystem info: host: 'DARKSKY', ip: '192.168.1.31', os.name: 'Windows 11', os.arch: 'amd64', os.version: '10.0', java.version: '17.0.5'\nDriver info: org.openqa.selenium.chrome.ChromeDriver\nCapabilities {acceptInsecureCerts: false, browserName: chrome, browserVersion: 114.0.5735.110, chrome: {chromedriverVersion: 114.0.5735.90 (386bc09e8f4f..., userDataDir: C:\\Users\\LENOVO~1\\AppData\\L...}, goog:chromeOptions: {debuggerAddress: localhost:49659}, javascriptEnabled: true, networkConnectionEnabled: false, pageLoadStrategy: eager, platform: WINDOWS, platformName: WINDOWS, proxy: Proxy(), setWindowRect: true, strictFileInteractability: false, timeouts: {implicit: 0, pageLoad: 300000, script: 30000}, unhandledPromptBehavior: dismiss and notify, webauthn:extension:credBlob: true, webauthn:extension:largeBlob: true, webauthn:extension:minPinLength: true, webauthn:extension:prf: true, webauthn:virtualAuthenticators: true}\nSession ID: db634d69fb0c81677c0ab75f348eee82\n*** Element info: {Using=link text, value=PIM}\r\n\tat java.base/jdk.internal.reflect.NativeConstructorAccessorImpl.newInstance0(Native Method)\r\n\tat java.base/jdk.internal.reflect.NativeConstructorAccessorImpl.newInstance(NativeConstructorAccessorImpl.java:77)\r\n\tat java.base/jdk.internal.reflect.DelegatingConstructorAccessorImpl.newInstance(DelegatingConstructorAccessorImpl.java:45)\r\n\tat java.base/java.lang.reflect.Constructor.newInstanceWithCaller(Constructor.java:499)\r\n\tat java.base/java.lang.reflect.Constructor.newInstance(Constructor.java:480)\r\n\tat org.openqa.selenium.remote.http.W3CHttpResponseCodec.createException(W3CHttpResponseCodec.java:187)\r\n\tat org.openqa.selenium.remote.http.W3CHttpResponseCodec.decode(W3CHttpResponseCodec.java:122)\r\n\tat org.openqa.selenium.remote.http.W3CHttpResponseCodec.decode(W3CHttpResponseCodec.java:49)\r\n\tat org.openqa.selenium.remote.HttpCommandExecutor.execute(HttpCommandExecutor.java:158)\r\n\tat org.openqa.selenium.remote.service.DriverCommandExecutor.execute(DriverCommandExecutor.java:83)\r\n\tat org.openqa.selenium.remote.RemoteWebDriver.execute(RemoteWebDriver.java:552)\r\n\tat org.openqa.selenium.remote.RemoteWebDriver.findElement(RemoteWebDriver.java:323)\r\n\tat org.openqa.selenium.remote.RemoteWebDriver.findElementByLinkText(RemoteWebDriver.java:380)\r\n\tat org.openqa.selenium.By$ByLinkText.findElement(By.java:220)\r\n\tat org.openqa.selenium.remote.RemoteWebDriver.findElement(RemoteWebDriver.java:315)\r\n\tat com.step_definitions.TestCRUD.clickpim(TestCRUD.java:63)\r\n\tat ✽.Click PIM(file:///C:/Users/Lenovo%20Mix/IdeaProjects/SeleniumTest/src/main/resources/features/04.Delete.feature:5)\r\n","duration":10118947400,"status":"failed"},"line":5,"name":"Click PIM","match":{"location":"com.step_definitions.TestCRUD.clickpim()"},"keyword":"When "},{"result":{"duration":1005500,"status":"skipped"},"line":6,"name":"Search name","match":{"location":"com.step_definitions.TestCRUD.search_name()"},"keyword":"And "},{"result":{"status":"skipped"},"line":7,"name":"Click action delete","match":{"location":"com.step_definitions.TestCRUD.click_action_delete()"},"keyword":"Then "}]}],"name":"User Delete data","description":"","id":"user-delete-data","keyword":"Feature","uri":"file:src/main/resources/features/04.Delete.feature","tags":[]}]